<?xml version="1.0" encoding="UTF-8"?>
<testsuite name="za.co.fnb.web.controllers.RoleMasterControllerTest" tests="1" skipped="0" failures="0" errors="0" timestamp="2022-01-21T11:46:34" hostname="kingether" time="5.332">
  <properties/>
  <testcase name="shouldCreateNewRoleMaster()" classname="za.co.fnb.web.controllers.RoleMasterControllerTest" time="5.332"/>
  <system-out><![CDATA[13:46:20.050 [Test worker] INFO  org.springframework.boot.test.autoconfigure.web.servlet.WebMvcTestContextBootstrapper - Neither @ContextConfiguration nor @ContextHierarchy found for test class [za.co.fnb.web.controllers.RoleMasterControllerTest], using SpringBootContextLoader
13:46:20.094 [Test worker] INFO  org.springframework.test.context.support.AbstractContextLoader - Could not detect default resource locations for test class [za.co.fnb.web.controllers.RoleMasterControllerTest]: no resource found for suffixes {-context.xml, Context.groovy}.
13:46:20.104 [Test worker] INFO  org.springframework.test.context.support.AnnotationConfigContextLoaderUtils - Could not detect default configuration classes for test class [za.co.fnb.web.controllers.RoleMasterControllerTest]: RoleMasterControllerTest does not declare any static, non-private, non-final, nested classes annotated with @Configuration.
13:46:20.805 [Test worker] INFO  org.springframework.boot.test.context.SpringBootTestContextBootstrapper - Found @SpringBootConfiguration za.co.fnb.Application for test class za.co.fnb.web.controllers.RoleMasterControllerTest
13:46:20.814 [Test worker] INFO  org.springframework.boot.test.autoconfigure.web.servlet.WebMvcTestContextBootstrapper - Loaded default TestExecutionListener class names from location [META-INF/spring.factories]: [org.springframework.boot.test.autoconfigure.restdocs.RestDocsTestExecutionListener, org.springframework.boot.test.autoconfigure.web.client.MockRestServiceServerResetTestExecutionListener, org.springframework.boot.test.autoconfigure.web.servlet.MockMvcPrintOnlyOnFailureTestExecutionListener, org.springframework.boot.test.autoconfigure.web.servlet.WebDriverTestExecutionListener, org.springframework.boot.test.autoconfigure.webservices.client.MockWebServiceServerTestExecutionListener, org.springframework.boot.test.mock.mockito.MockitoTestExecutionListener, org.springframework.boot.test.mock.mockito.ResetMocksTestExecutionListener, org.springframework.test.context.web.ServletTestExecutionListener, org.springframework.test.context.support.DirtiesContextBeforeModesTestExecutionListener, org.springframework.test.context.support.DependencyInjectionTestExecutionListener, org.springframework.test.context.support.DirtiesContextTestExecutionListener, org.springframework.test.context.transaction.TransactionalTestExecutionListener, org.springframework.test.context.jdbc.SqlScriptsTestExecutionListener, org.springframework.test.context.event.EventPublishingTestExecutionListener]
13:46:20.868 [Test worker] INFO  org.springframework.boot.test.autoconfigure.web.servlet.WebMvcTestContextBootstrapper - Using TestExecutionListeners: [org.springframework.test.context.web.ServletTestExecutionListener@5d03107e, org.springframework.test.context.support.DirtiesContextBeforeModesTestExecutionListener@1575c3c8, org.springframework.boot.test.mock.mockito.MockitoTestExecutionListener@163f1fcd, org.springframework.boot.test.autoconfigure.SpringBootDependencyInjectionTestExecutionListener@c95f123, org.springframework.test.context.support.DirtiesContextTestExecutionListener@4950902f, org.springframework.test.context.transaction.TransactionalTestExecutionListener@7200714e, org.springframework.test.context.jdbc.SqlScriptsTestExecutionListener@1cafc9b4, org.springframework.test.context.event.EventPublishingTestExecutionListener@3f103feb, org.springframework.boot.test.autoconfigure.restdocs.RestDocsTestExecutionListener@720c11ce, org.springframework.boot.test.autoconfigure.web.client.MockRestServiceServerResetTestExecutionListener@3f794c0, org.springframework.boot.test.autoconfigure.web.servlet.MockMvcPrintOnlyOnFailureTestExecutionListener@61771f63, org.springframework.boot.test.autoconfigure.web.servlet.WebDriverTestExecutionListener@5fa69bc1, org.springframework.boot.test.autoconfigure.webservices.client.MockWebServiceServerTestExecutionListener@4d36739a, org.springframework.boot.test.mock.mockito.ResetMocksTestExecutionListener@72d8bf68]

  .   ____          _            __ _ _
 /\\ / ___'_ __ _ _(_)_ __  __ _ \ \ \ \
( ( )\___ | '_ | '_| | '_ \/ _` | \ \ \ \
 \\/  ___)| |_)| | | | | || (_| |  ) ) ) )
  '  |____| .__|_| |_|_| |_\__, | / / / /
 =========|_|==============|___/=/_/_/_/
 :: Spring Boot ::        (v2.3.8.RELEASE)

13:46:23.939 [background-preinit] INFO  org.hibernate.validator.internal.util.Version - HV000001: Hibernate Validator 6.1.7.Final
13:46:24.167 [Test worker] INFO  za.co.fnb.web.controllers.RoleMasterControllerTest - Starting RoleMasterControllerTest on kingether with PID 16808 (started by kingether in /home/kingether/practice/assessment/fnb-assessment/springboot-backend)
13:46:24.169 [Test worker] INFO  za.co.fnb.web.controllers.RoleMasterControllerTest - The following profiles are active: test
13:46:32.618 [Test worker] INFO  org.springframework.scheduling.concurrent.ThreadPoolTaskExecutor - Initializing ExecutorService 'applicationTaskExecutor'
13:46:34.289 [Test worker] INFO  org.springframework.boot.test.mock.web.SpringBootMockServletContext - Initializing Spring TestDispatcherServlet ''
13:46:34.290 [Test worker] INFO  org.springframework.test.web.servlet.TestDispatcherServlet - Initializing Servlet ''
13:46:34.353 [Test worker] INFO  org.springframework.test.web.servlet.TestDispatcherServlet - Completed initialization in 62 ms
13:46:34.699 [Test worker] INFO  za.co.fnb.web.controllers.RoleMasterControllerTest - Started RoleMasterControllerTest in 13.581 seconds (JVM running for 24.31)
]]></system-out>
  <system-err><![CDATA[]]></system-err>
</testsuite>
